<?xml version="1.0" encoding="UTF-8"?>
<!-- Generated by org.testng.reporters.JUnitReportReporter -->
<testsuite hostname="DESKTOP-EBBOIE9" failures="0" tests="5" name="TestRunner.Guru99Test" time="16.015" errors="0" timestamp="2023-08-01T18:02:50 IST" skipped="0">
  <testcase classname="TestRunner.Guru99Test" name="runScenario" time="0.873"/>
  <system-out/>
  <testcase classname="TestRunner.Guru99Test" name="runScenario" time="5.336"/>
  <system-out/>
  <testcase classname="TestRunner.Guru99Test" name="runScenario" time="0.830"/>
  <system-out/>
  <testcase classname="TestRunner.Guru99Test" name="runScenario" time="2.014"/>
  <system-out/>
  <testcase classname="TestRunner.Guru99Test" name="runScenario" time="6.962"/>
  <system-out/>
</testsuite> <!-- TestRunner.Guru99Test -->
